<?xml version="1.0" encoding="UTF-8"?>
<testng-results ignored="0" total="2" passed="2" failed="0" skipped="0">
  <reporter-output>
  </reporter-output>
  <suite started-at="2022-05-20T15:52:39 IST" name="Default suite" finished-at="2022-05-20T15:52:56 IST" duration-ms="17347">
    <groups>
    </groups>
    <test started-at="2022-05-20T15:52:39 IST" name="Default test" finished-at="2022-05-20T15:52:56 IST" duration-ms="17347">
      <class name="testPackage.TestClassA">
        <test-method is-config="true" signature="beforeclass()[pri:0, instance:testPackage.TestClassA@4d02f94e]" started-at="2022-05-20T15:52:39 IST" name="beforeclass" finished-at="2022-05-20T15:52:47 IST" duration-ms="8577" status="PASS">
          <reporter-output>
          </reporter-output>
        </test-method> <!-- beforeclass -->
        <test-method is-config="true" signature="beforemethod()[pri:0, instance:testPackage.TestClassA@4d02f94e]" started-at="2022-05-20T15:52:47 IST" name="beforemethod" finished-at="2022-05-20T15:52:47 IST" duration-ms="1" status="PASS">
          <reporter-output>
          </reporter-output>
        </test-method> <!-- beforemethod -->
        <test-method signature="verifyLoginPage()[pri:0, instance:testPackage.TestClassA@4d02f94e]" started-at="2022-05-20T15:52:47 IST" name="verifyLoginPage" finished-at="2022-05-20T15:52:55 IST" duration-ms="7555" status="PASS">
          <reporter-output>
          </reporter-output>
        </test-method> <!-- verifyLoginPage -->
        <test-method is-config="true" signature="aftermethod()[pri:0, instance:testPackage.TestClassA@4d02f94e]" started-at="2022-05-20T15:52:55 IST" name="aftermethod" finished-at="2022-05-20T15:52:55 IST" duration-ms="0" status="PASS">
          <reporter-output>
          </reporter-output>
        </test-method> <!-- aftermethod -->
        <test-method signature="verifyHomePage()[pri:1, instance:testPackage.TestClassA@4d02f94e]" started-at="2022-05-20T15:52:55 IST" name="verifyHomePage" finished-at="2022-05-20T15:52:56 IST" duration-ms="643" status="PASS">
          <reporter-output>
          </reporter-output>
        </test-method> <!-- verifyHomePage -->
        <test-method is-config="true" signature="beforemethod()[pri:0, instance:testPackage.TestClassA@4d02f94e]" started-at="2022-05-20T15:52:55 IST" name="beforemethod" finished-at="2022-05-20T15:52:55 IST" duration-ms="0" status="PASS">
          <reporter-output>
          </reporter-output>
        </test-method> <!-- beforemethod -->
        <test-method is-config="true" signature="aftermethod()[pri:0, instance:testPackage.TestClassA@4d02f94e]" started-at="2022-05-20T15:52:56 IST" name="aftermethod" finished-at="2022-05-20T15:52:56 IST" duration-ms="0" status="PASS">
          <reporter-output>
          </reporter-output>
        </test-method> <!-- aftermethod -->
        <test-method is-config="true" signature="afterclass()[pri:0, instance:testPackage.TestClassA@4d02f94e]" started-at="2022-05-20T15:52:56 IST" name="afterclass" finished-at="2022-05-20T15:52:56 IST" duration-ms="528" status="PASS">
          <reporter-output>
          </reporter-output>
        </test-method> <!-- afterclass -->
      </class> <!-- testPackage.TestClassA -->
    </test> <!-- Default test -->
  </suite> <!-- Default suite -->
</testng-results>
