<?xml version="1.0" encoding="UTF-8"?>
<!-- Generated by org.testng.reporters.JUnitXMLReporter -->
<testsuite ignored="0" hostname="DESKTOP-THDO67T" failures="0" tests="9" name="Test" time="52.289" errors="0" timestamp="2022-05-15T17:37:39 IST">
  <testcase classname="testPackage.TestClassA" name="verifyLoginPage" time="7.294"/>
  <testcase classname="testPackage.TestClassA" name="verifyHomePage" time="0.673"/>
  <testcase classname="testPackage.TestClassB" name="verifyLogInPage" time="7.187"/>
  <testcase classname="testPackage.TestClassB" name="verifyAssignLeave" time="3.615"/>
  <testcase classname="testPackage.TestClassB" name="verifyLeaveList" time="3.549"/>
  <testcase classname="testPackage.TestClassB" name="verifyTimesheet" time="1.925"/>
  <testcase classname="testPackage.TestClassB" name="verifyApplyLeave" time="1.257"/>
  <testcase classname="testPackage.TestClassB" name="verifyMyLeave" time="1.757"/>
  <testcase classname="testPackage.TestClassB" name="verifyMyTimesheet" time="2.025"/>
</testsuite> <!-- Test -->
